<?xml version="1.0" encoding="UTF-8"?>
<!-- Generated by org.testng.reporters.JUnitXMLReporter -->
<testsuite ignored="0" hostname="DESKTOP-IPFSRK6" failures="0" tests="8" name="Test" time="40.728" errors="0" timestamp="2024-12-17T08:42:17 IST">
  <testcase classname="testClass.TC001_AccountRegistrationTest" name="verifyAccountRegistration" time="2.542"/>
  <testcase classname="testClass.TC002_LoginTest" name="verifyLogin" time="1.555"/>
  <testcase classname="testClass.TC003_Login_DDT" name="loginVerifyDDT" time="1.969"/>
  <testcase classname="testClass.TC003_Login_DDT" name="loginVerifyDDT" time="6.166"/>
  <testcase classname="testClass.TC003_Login_DDT" name="loginVerifyDDT" time="6.07"/>
  <testcase classname="testClass.TC003_Login_DDT" name="loginVerifyDDT" time="6.111"/>
  <testcase classname="testClass.TC003_Login_DDT" name="loginVerifyDDT" time="6.086"/>
  <testcase classname="testClass.TC003_Login_DDT" name="loginVerifyDDT" time="1.648"/>
</testsuite> <!-- Test -->
