<?xml version="1.0" encoding="UTF-8"?>
<testng-results ignored="0" total="4" passed="4" failed="0" skipped="0">
  <reporter-output>
  </reporter-output>
  <suite started-at="2024-12-13T08:08:02 IST" name="Suite" finished-at="2024-12-13T08:08:26 IST" duration-ms="23620">
    <groups>
      <group name="regression">
        <method signature="TC001_AccountRegistrationTest.verifyAccountRegistration()[pri:0, instance:testClass.TC001_AccountRegistrationTest@4cf8b2dc]" name="verifyAccountRegistration" class="testClass.TC001_AccountRegistrationTest"/>
        <method signature="TC001_AccountRegistrationTest.verifyAccountRegistration()[pri:0, instance:testClass.TC001_AccountRegistrationTest@256f8274]" name="verifyAccountRegistration" class="testClass.TC001_AccountRegistrationTest"/>
      </group> <!-- regression -->
      <group name="sanity">
        <method signature="TC002_LoginTest.verifyLogin()[pri:0, instance:testClass.TC002_LoginTest@c35172e]" name="verifyLogin" class="testClass.TC002_LoginTest"/>
        <method signature="TC002_LoginTest.verifyLogin()[pri:0, instance:testClass.TC002_LoginTest@68044f4]" name="verifyLogin" class="testClass.TC002_LoginTest"/>
      </group> <!-- sanity -->
      <group name="master">
        <method signature="TC001_AccountRegistrationTest.verifyAccountRegistration()[pri:0, instance:testClass.TC001_AccountRegistrationTest@4cf8b2dc]" name="verifyAccountRegistration" class="testClass.TC001_AccountRegistrationTest"/>
        <method signature="TC002_LoginTest.verifyLogin()[pri:0, instance:testClass.TC002_LoginTest@c35172e]" name="verifyLogin" class="testClass.TC002_LoginTest"/>
        <method signature="TC001_AccountRegistrationTest.verifyAccountRegistration()[pri:0, instance:testClass.TC001_AccountRegistrationTest@256f8274]" name="verifyAccountRegistration" class="testClass.TC001_AccountRegistrationTest"/>
        <method signature="TC002_LoginTest.verifyLogin()[pri:0, instance:testClass.TC002_LoginTest@68044f4]" name="verifyLogin" class="testClass.TC002_LoginTest"/>
      </group> <!-- master -->
    </groups>
    <test started-at="2024-12-13T08:08:02 IST" name="Firefox Test" finished-at="2024-12-13T08:08:18 IST" duration-ms="15475">
      <class name="testClass.TC001_AccountRegistrationTest">
        <test-method is-config="true" signature="setup(java.lang.String,java.lang.String)[pri:0, instance:testClass.TC001_AccountRegistrationTest@4cf8b2dc]" started-at="2024-12-13T08:08:03 IST" name="setup" finished-at="2024-12-13T08:08:08 IST" duration-ms="5445" status="PASS">
          <params>
            <param index="0">
              <value>
                <![CDATA[linux]]>
              </value>
            </param>
            <param index="1">
              <value>
                <![CDATA[firefox]]>
              </value>
            </param>
          </params>
          <reporter-output>
          </reporter-output>
        </test-method> <!-- setup -->
        <test-method signature="verifyAccountRegistration()[pri:0, instance:testClass.TC001_AccountRegistrationTest@4cf8b2dc]" started-at="2024-12-13T08:08:08 IST" name="verifyAccountRegistration" finished-at="2024-12-13T08:08:10 IST" duration-ms="2377" status="PASS">
          <reporter-output>
          </reporter-output>
        </test-method> <!-- verifyAccountRegistration -->
        <test-method is-config="true" signature="teardown()[pri:0, instance:testClass.TC001_AccountRegistrationTest@4cf8b2dc]" started-at="2024-12-13T08:08:10 IST" name="teardown" finished-at="2024-12-13T08:08:11 IST" duration-ms="908" status="PASS">
          <reporter-output>
          </reporter-output>
        </test-method> <!-- teardown -->
      </class> <!-- testClass.TC001_AccountRegistrationTest -->
      <class name="testClass.TC002_LoginTest">
        <test-method is-config="true" signature="setup(java.lang.String,java.lang.String)[pri:0, instance:testClass.TC002_LoginTest@c35172e]" started-at="2024-12-13T08:08:11 IST" name="setup" finished-at="2024-12-13T08:08:15 IST" duration-ms="3911" status="PASS">
          <params>
            <param index="0">
              <value>
                <![CDATA[linux]]>
              </value>
            </param>
            <param index="1">
              <value>
                <![CDATA[firefox]]>
              </value>
            </param>
          </params>
          <reporter-output>
          </reporter-output>
        </test-method> <!-- setup -->
        <test-method signature="verifyLogin()[pri:0, instance:testClass.TC002_LoginTest@c35172e]" started-at="2024-12-13T08:08:15 IST" name="verifyLogin" finished-at="2024-12-13T08:08:17 IST" duration-ms="1645" status="PASS">
          <reporter-output>
          </reporter-output>
        </test-method> <!-- verifyLogin -->
        <test-method is-config="true" signature="teardown()[pri:0, instance:testClass.TC002_LoginTest@c35172e]" started-at="2024-12-13T08:08:17 IST" name="teardown" finished-at="2024-12-13T08:08:18 IST" duration-ms="879" status="PASS">
          <reporter-output>
          </reporter-output>
        </test-method> <!-- teardown -->
      </class> <!-- testClass.TC002_LoginTest -->
    </test> <!-- Firefox Test -->
    <test started-at="2024-12-13T08:08:18 IST" name="Chrome Test" finished-at="2024-12-13T08:08:26 IST" duration-ms="7468">
      <class name="testClass.TC001_AccountRegistrationTest">
        <test-method is-config="true" signature="setup(java.lang.String,java.lang.String)[pri:0, instance:testClass.TC001_AccountRegistrationTest@256f8274]" started-at="2024-12-13T08:08:18 IST" name="setup" finished-at="2024-12-13T08:08:20 IST" duration-ms="1810" status="PASS">
          <params>
            <param index="0">
              <value>
                <![CDATA[linux]]>
              </value>
            </param>
            <param index="1">
              <value>
                <![CDATA[chrome]]>
              </value>
            </param>
          </params>
          <reporter-output>
          </reporter-output>
        </test-method> <!-- setup -->
        <test-method signature="verifyAccountRegistration()[pri:0, instance:testClass.TC001_AccountRegistrationTest@256f8274]" started-at="2024-12-13T08:08:20 IST" name="verifyAccountRegistration" finished-at="2024-12-13T08:08:22 IST" duration-ms="2248" status="PASS">
          <reporter-output>
          </reporter-output>
        </test-method> <!-- verifyAccountRegistration -->
        <test-method is-config="true" signature="teardown()[pri:0, instance:testClass.TC001_AccountRegistrationTest@256f8274]" started-at="2024-12-13T08:08:22 IST" name="teardown" finished-at="2024-12-13T08:08:23 IST" duration-ms="136" status="PASS">
          <reporter-output>
          </reporter-output>
        </test-method> <!-- teardown -->
      </class> <!-- testClass.TC001_AccountRegistrationTest -->
      <class name="testClass.TC002_LoginTest">
        <test-method is-config="true" signature="setup(java.lang.String,java.lang.String)[pri:0, instance:testClass.TC002_LoginTest@68044f4]" started-at="2024-12-13T08:08:23 IST" name="setup" finished-at="2024-12-13T08:08:24 IST" duration-ms="1330" status="PASS">
          <params>
            <param index="0">
              <value>
                <![CDATA[linux]]>
              </value>
            </param>
            <param index="1">
              <value>
                <![CDATA[chrome]]>
              </value>
            </param>
          </params>
          <reporter-output>
          </reporter-output>
        </test-method> <!-- setup -->
        <test-method signature="verifyLogin()[pri:0, instance:testClass.TC002_LoginTest@68044f4]" started-at="2024-12-13T08:08:24 IST" name="verifyLogin" finished-at="2024-12-13T08:08:26 IST" duration-ms="1836" status="PASS">
          <reporter-output>
          </reporter-output>
        </test-method> <!-- verifyLogin -->
        <test-method is-config="true" signature="teardown()[pri:0, instance:testClass.TC002_LoginTest@68044f4]" started-at="2024-12-13T08:08:26 IST" name="teardown" finished-at="2024-12-13T08:08:26 IST" duration-ms="89" status="PASS">
          <reporter-output>
          </reporter-output>
        </test-method> <!-- teardown -->
      </class> <!-- testClass.TC002_LoginTest -->
    </test> <!-- Chrome Test -->
  </suite> <!-- Suite -->
</testng-results>
